┌ Info: Execution started 2022-08-04 05:45
└ @ Main c:\Users\kobus.herbst\repos\SaprinJulia\src\main.jl:10
┌ Info: ========== Start DIMAMO parental episodes at 2022-08-04 05:45:20
└ @ Main c:\Users\kobus.herbst\repos\SaprinJulia\src\main.jl:760
┌ Info: Started Year Age Delivery Parental Status episode creation 2022-08-04 05:45
└ @ SAPRINCore c:\Users\kobus.herbst\repos\SaprinJulia\src\episodecreation.jl:809
┌ Info: Node DIMAMO batch 1 at 2022-08-04T05:56:49.958
└ @ SAPRINCore c:\Users\kobus.herbst\repos\SaprinJulia\src\episodecreation.jl:817
┌ Info: Node DIMAMO batch 1 completed with 328988 episodes after 66 seconds
└ @ SAPRINCore c:\Users\kobus.herbst\repos\SaprinJulia\src\episodecreation.jl:952
┌ Info: Node DIMAMO batch 2 at 2022-08-04T06:07:30.014
└ @ SAPRINCore c:\Users\kobus.herbst\repos\SaprinJulia\src\episodecreation.jl:817
┌ Info: Node DIMAMO batch 2 completed with 306903 episodes after 43 seconds
└ @ SAPRINCore c:\Users\kobus.herbst\repos\SaprinJulia\src\episodecreation.jl:952
┌ Info: Node DIMAMO batch 3 at 2022-08-04T06:17:54.781
└ @ SAPRINCore c:\Users\kobus.herbst\repos\SaprinJulia\src\episodecreation.jl:817
┌ Info: Node DIMAMO batch 3 completed with 308426 episodes after 41 seconds
└ @ SAPRINCore c:\Users\kobus.herbst\repos\SaprinJulia\src\episodecreation.jl:952
┌ Info: Node DIMAMO batch 4 at 2022-08-04T06:28:12.885
└ @ SAPRINCore c:\Users\kobus.herbst\repos\SaprinJulia\src\episodecreation.jl:817
┌ Info: Node DIMAMO batch 4 completed with 310932 episodes after 42 seconds
└ @ SAPRINCore c:\Users\kobus.herbst\repos\SaprinJulia\src\episodecreation.jl:952
┌ Info: Node DIMAMO batch 5 at 2022-08-04T06:38:32.485
└ @ SAPRINCore c:\Users\kobus.herbst\repos\SaprinJulia\src\episodecreation.jl:817
┌ Info: Node DIMAMO batch 5 completed with 311112 episodes after 45 seconds
└ @ SAPRINCore c:\Users\kobus.herbst\repos\SaprinJulia\src\episodecreation.jl:952
┌ Info: Node DIMAMO batch 6 at 2022-08-04T06:40:53.603
└ @ SAPRINCore c:\Users\kobus.herbst\repos\SaprinJulia\src\episodecreation.jl:817
┌ Info: Node DIMAMO batch 6 completed with 69894 episodes after 8 seconds
└ @ SAPRINCore c:\Users\kobus.herbst\repos\SaprinJulia\src\episodecreation.jl:952
┌ Info: === Finished Year Age Delivery Parent status episode creation 2022-08-04 06:41
└ @ SAPRINCore c:\Users\kobus.herbst\repos\SaprinJulia\src\episodecreation.jl:958
┌ Warning: RCall.jl: Warning: package 'arrow' was built under R version 4.1.3
│ 
│ Attaching package: 'arrow'
│ 
│ The following object is masked from 'package:utils':
│ 
│     timestamp
│ 
└ @ RCall C:\Users\kobus.herbst\.julia\packages\RCall\6kphM\src\io.jl:172
┌ Warning: RCall.jl: Warning: package 'rio' was built under R version 4.1.3
└ @ RCall C:\Users\kobus.herbst\.julia\packages\RCall\6kphM\src\io.jl:172
┌ Info: DIMAMO parental episodes completed at 2022-08-04 06:41:43 duration 3383 seconds
└ @ Main c:\Users\kobus.herbst\repos\SaprinJulia\src\main.jl:766
┌ Info: Execution started 2022-08-04 12:53
└ @ Main c:\Users\kobus.herbst\repos\SaprinJulia\src\main.jl:10
┌ Info: ========== Start Agincourt parental episodes at 2022-08-04 12:53:30
└ @ Main c:\Users\kobus.herbst\repos\SaprinJulia\src\main.jl:750
┌ Info: Started Year Age Delivery Parental Status episode creation 2022-08-04 12:53
└ @ SAPRINCore c:\Users\kobus.herbst\repos\SaprinJulia\src\episodecreation.jl:809
┌ Info: Node Agincourt batch 1 at 2022-08-04T13:09:08.150
└ @ SAPRINCore c:\Users\kobus.herbst\repos\SaprinJulia\src\episodecreation.jl:817
┌ Info: Node Agincourt batch 1 completed with 474932 episodes after 54 seconds
└ @ SAPRINCore c:\Users\kobus.herbst\repos\SaprinJulia\src\episodecreation.jl:952
┌ Info: Node Agincourt batch 2 at 2022-08-04T13:25:00.401
└ @ SAPRINCore c:\Users\kobus.herbst\repos\SaprinJulia\src\episodecreation.jl:817
┌ Info: Node Agincourt batch 2 completed with 476844 episodes after 59 seconds
└ @ SAPRINCore c:\Users\kobus.herbst\repos\SaprinJulia\src\episodecreation.jl:952
┌ Info: Node Agincourt batch 3 at 2022-08-04T13:40:35.212
└ @ SAPRINCore c:\Users\kobus.herbst\repos\SaprinJulia\src\episodecreation.jl:817
┌ Info: Node Agincourt batch 3 completed with 520210 episodes after 91 seconds
└ @ SAPRINCore c:\Users\kobus.herbst\repos\SaprinJulia\src\episodecreation.jl:952
┌ Info: Node Agincourt batch 4 at 2022-08-04T13:57:32.510
└ @ SAPRINCore c:\Users\kobus.herbst\repos\SaprinJulia\src\episodecreation.jl:817
┌ Info: Node Agincourt batch 4 completed with 536426 episodes after 104 seconds
└ @ SAPRINCore c:\Users\kobus.herbst\repos\SaprinJulia\src\episodecreation.jl:952
┌ Info: Node Agincourt batch 5 at 2022-08-04T14:15:16.702
└ @ SAPRINCore c:\Users\kobus.herbst\repos\SaprinJulia\src\episodecreation.jl:817
┌ Info: Node Agincourt batch 5 completed with 541050 episodes after 102 seconds
└ @ SAPRINCore c:\Users\kobus.herbst\repos\SaprinJulia\src\episodecreation.jl:952
┌ Info: Node Agincourt batch 6 at 2022-08-04T14:32:25.355
└ @ SAPRINCore c:\Users\kobus.herbst\repos\SaprinJulia\src\episodecreation.jl:817
┌ Info: Node Agincourt batch 6 completed with 542473 episodes after 106 seconds
└ @ SAPRINCore c:\Users\kobus.herbst\repos\SaprinJulia\src\episodecreation.jl:952
┌ Info: Node Agincourt batch 7 at 2022-08-04T14:49:42.017
└ @ SAPRINCore c:\Users\kobus.herbst\repos\SaprinJulia\src\episodecreation.jl:817
┌ Info: Node Agincourt batch 7 completed with 534532 episodes after 105 seconds
└ @ SAPRINCore c:\Users\kobus.herbst\repos\SaprinJulia\src\episodecreation.jl:952
┌ Info: Node Agincourt batch 8 at 2022-08-04T15:06:38.421
└ @ SAPRINCore c:\Users\kobus.herbst\repos\SaprinJulia\src\episodecreation.jl:817
┌ Info: Node Agincourt batch 8 completed with 540523 episodes after 100 seconds
└ @ SAPRINCore c:\Users\kobus.herbst\repos\SaprinJulia\src\episodecreation.jl:952
┌ Info: Node Agincourt batch 9 at 2022-08-04T15:23:24.117
└ @ SAPRINCore c:\Users\kobus.herbst\repos\SaprinJulia\src\episodecreation.jl:817
┌ Info: Node Agincourt batch 9 completed with 538386 episodes after 97 seconds
└ @ SAPRINCore c:\Users\kobus.herbst\repos\SaprinJulia\src\episodecreation.jl:952
┌ Info: Node Agincourt batch 10 at 2022-08-04T15:39:40.567
└ @ SAPRINCore c:\Users\kobus.herbst\repos\SaprinJulia\src\episodecreation.jl:817
┌ Info: Node Agincourt batch 10 completed with 538096 episodes after 101 seconds
└ @ SAPRINCore c:\Users\kobus.herbst\repos\SaprinJulia\src\episodecreation.jl:952
┌ Info: Node Agincourt batch 11 at 2022-08-04T15:52:27.467
└ @ SAPRINCore c:\Users\kobus.herbst\repos\SaprinJulia\src\episodecreation.jl:817
┌ Info: Node Agincourt batch 11 completed with 415694 episodes after 69 seconds
└ @ SAPRINCore c:\Users\kobus.herbst\repos\SaprinJulia\src\episodecreation.jl:952
┌ Info: === Finished Year Age Delivery Parent status episode creation 2022-08-04 15:53
└ @ SAPRINCore c:\Users\kobus.herbst\repos\SaprinJulia\src\episodecreation.jl:958
┌ Info: Agincourt parental episodes completed at 2022-08-04 15:55:18 duration 10908 seconds
└ @ Main c:\Users\kobus.herbst\repos\SaprinJulia\src\main.jl:756
