┌ Info: Execution started 2021-01-06 14:41
└ @ Main c:\Users\kobus\.julia\dev\SAPRINCore\src\main.jl:22
┌ Info: Processing node AHRI
└ @ Main c:\Users\kobus\.julia\dev\SAPRINCore\src\main.jl:44
┌ Info: Reading locations start = 2021-01-06T14:41:17.817
└ @ Main c:\Users\kobus\.julia\dev\SAPRINCore\src\main.jl:214
┌ Info: Completed reading locations
└ @ Main c:\Users\kobus\.julia\dev\SAPRINCore\src\main.jl:221
┌ Info: Starting Household socio-economic 2021-01-06T14:41:17.933
└ @ Main c:\Users\kobus\.julia\dev\SAPRINCore\src\main.jl:1032
┌ Info: Read 3000064 Agincourt asset statuses from database
└ @ Main c:\Users\kobus\.julia\dev\SAPRINCore\src\main.jl:1006
┌ Info: 2201150 Agincourt grouped asset statuses
└ @ Main c:\Users\kobus\.julia\dev\SAPRINCore\src\main.jl:1015
┌ Info: 1229518 Agincourt present asset statuses
└ @ Main c:\Users\kobus\.julia\dev\SAPRINCore\src\main.jl:1017
┌ Info: 374331 Agincourt asset groups
└ @ Main c:\Users\kobus\.julia\dev\SAPRINCore\src\main.jl:1019
01150 Agincourt grouped asset statuses
└ @ Main c:\Users\kobus\.julia\dev\SAPRINCore\src\main.jl:1015
┌ Info: 1229518 Agincourt present asset statuses
└ @ Main c:\Users\kobus\.julia\dev\SAPRINCore\src\main.jl:1017
┌ Info: 374331 Agincourt asset groups
└ @ Main c:\Users\kobus\.julia\dev\SAPRINCore\src\main.jl:1019
┌ Info: Modern asset breakdown for Agincourt
│   a = 10-element Named Array{Int64,1}
Modern  │ 
────────┼──────
0       │  6596
1       │ 12999
2       │ 14266
3       │ 19562
4       │ 36475
5       │ 59837
6       │ 32535
7       │ 15854
8       │  1959
9       │   161
└ @ Main c:\Users\kobus\.julia\dev\SAPRINCore\src\main.jl:1026
┌ Info: Livestock asset breakdown for Agincourt
│   a = 3-element Named Array{Int64,1}
Livestock  │ 
───────────┼───────
0          │  19561
1          │    459
2          │ 180224
└ @ Main c:\Users\kobus\.julia\dev\SAPRINCore\src\main.jl:1028
┌ Info: Read 186372 DIMAMO asset statuses from database
└ @ Main c:\Users\kobus\.julia\dev\SAPRINCore\src\main.jl:1006
┌ Info: 123510 DIMAMO grouped asset statuses
└ @ Main c:\Users\kobus\.julia\dev\SAPRINCore\src\main.jl:1015
┌ Info: 83880 DIMAMO present asset statuses
└ @ Main c:\Users\kobus\.julia\dev\SAPRINCore\src\main.jl:1017
┌ Info: 24928 DIMAMO asset groups
└ @ Main c:\Users\kobus\.julia\dev\SAPRINCore\src\main.jl:1019
┌ Info: Modern asset breakdown for DIMAMO
│   a = 10-element Named Array{Int64,1}
Modern  │ 
────────┼─────
0       │   26
1       │  308
2       │  379
3       │  594
4       │ 1655
5       │ 5327
6       │ 2036
7       │  782
8       │  145
9       │   22
└ @ Main c:\Users\kobus\.julia\dev\SAPRINCore\src\main.jl:1026
┌ Info: Livestock asset breakdown for DIMAMO
│   a = 3-element Named Array{Int64,1}
Livestock  │ 
───────────┼─────
0          │ 8444
1          │ 2240
2          │  590
└ @ Main c:\Users\kobus\.julia\dev\SAPRINCore\src\main.jl:1028
┌ Info: Read 305963 AHRI asset statuses from database
└ @ Main c:\Users\kobus\.julia\dev\SAPRINCore\src\main.jl:1006
┌ Info: 234616 AHRI grouped asset statuses
└ @ Main c:\Users\kobus\.julia\dev\SAPRINCore\src\main.jl:1015
┌ Info: 81036 AHRI present asset statuses
└ @ Main c:\Users\kobus\.julia\dev\SAPRINCore\src\main.jl:1017
┌ Info: 40287 AHRI asset groups
└ @ Main c:\Users\kobus\.julia\dev\SAPRINCore\src\main.jl:1019
┌ Info: Modern asset breakdown for AHRI
│   a = 10-element Named Array{Int64,1}
Modern  │ 
────────┼─────
0       │   40
1       │ 6571
2       │ 5869
3       │ 4224
4       │ 3220
5       │ 2046
6       │  944
7       │  331
8       │   53
9       │    1
└ @ Main c:\Users\kobus\.julia\dev\SAPRINCore\src\main.jl:1026
┌ Info: Livestock asset breakdown for AHRI
│   a = 3-element Named Array{Int64,1}
Livestock  │ 
───────────┼──────
0          │ 23193
1          │   102
2          │     4
└ @ Main c:\Users\kobus\.julia\dev\SAPRINCore\src\main.jl:1028
┌ Info: Starting Household socio-economic 2021-01-06T14:42:31.88
└ @ Main c:\Users\kobus\.julia\dev\SAPRINCore\src\main.jl:1041
┌ Info: Execution started 2021-01-08 16:14
└ @ Main c:\Users\kobus\.julia\dev\SAPRINCore\src\main.jl:22
┌ Info: Processing node AHRI
└ @ Main c:\Users\kobus\.julia\dev\SAPRINCore\src\main.jl:44
┌ Info: Reading locations start = 2021-01-08T16:14:50.469
└ @ Main c:\Users\kobus\.julia\dev\SAPRINCore\src\main.jl:214
┌ Info: Completed reading locations
└ @ Main c:\Users\kobus\.julia\dev\SAPRINCore\src\main.jl:221
┌ Info: Execution started 2021-01-08 17:23
└ @ Main c:\Users\kobus\.julia\dev\SAPRINCore\src\main.jl:22
┌ Info: Processing node AHRI
└ @ Main c:\Users\kobus\.julia\dev\SAPRINCore\src\main.jl:44
┌ Info: Reading locations start = 2021-01-08T17:23:07.317
└ @ Main c:\Users\kobus\.julia\dev\SAPRINCore\src\main.jl:214
┌ Info: Completed reading locations
└ @ Main c:\Users\kobus\.julia\dev\SAPRINCore\src\main.jl:221
┌ Info: Read 227002 Agincourt HSE observations from database
└ @ Main c:\Users\kobus\.julia\dev\SAPRINCore\src\main.jl:1071
┌ Info: Read 227002 Agincourt HSE observations after household map
└ @ Main c:\Users\kobus\.julia\dev\SAPRINCore\src\main.jl:1074
┌ Info: Watersource breakdown for Agincourt
│   a = 9-element Named Array{Int64,1}
WaterSource  │ 
─────────────┼───────
0            │  26800
1            │  73844
2            │ 110386
3            │   4293
4            │    166
5            │   1715
6            │    257
8            │   6495
11           │   3046
└ @ Main c:\Users\kobus\.julia\dev\SAPRINCore\src\main.jl:1079
┌ Info: Watersource breakdown for Agincourt after recode
│   a = 5-element Named Array{Int64,1}
WaterSource  │ 
─────────────┼───────
0            │  26800
1            │  11679
2            │   4293
3            │ 110386
4            │  73844
└ @ Main c:\Users\kobus\.julia\dev\SAPRINCore\src\main.jl:1082
┌ Info: Toilet breakdown for Agincourt
│   a = 4-element Named Array{Int64,1}
Toilet  │ 
────────┼───────
0       │  58967
1       │   1953
2       │  16499
3       │ 149583
└ @ Main c:\Users\kobus\.julia\dev\SAPRINCore\src\main.jl:1084
┌ Info: Toilet breakdown for Agincourt after recode
│   a = 4-element Named Array{Int64,1}
Toilet  │ 
────────┼───────
0       │  58967
1       │ 149583
2       │  16499
3       │   1953
└ @ Main c:\Users\kobus\.julia\dev\SAPRINCore\src\main.jl:1087
┌ Info: CookingFuel breakdown for Agincourt
│   a = 6-element Named Array{Int64,1}
CookingFuel  │ 
─────────────┼───────
0            │  27193
1            │ 104871
2            │   1452
4            │  90866
5            │   2374
6            │    246
└ @ Main c:\Users\kobus\.julia\dev\SAPRINCore\src\main.jl:1089
┌ Info: CookingFuel breakdown for Agincourt after recode
│   a = 5-element Named Array{Int64,1}
CookingFuel  │ 
─────────────┼───────
0            │  27193
1            │ 104871
3            │   2620
4            │   1452
5            │  90866
└ @ Main c:\Users\kobus\.julia\dev\SAPRINCore\src\main.jl:1092
┌ Info: WallMaterial breakdown for Agincourt
└ @ Main c:\Users\kobus\.julia\dev\SAPRINCore\src\main.jl:1094
┌ Info: WallMaterial breakdown for Agincourt after recode
│   a = 5-element Named Array{Int64,1}
WallMaterial  │ 
──────────────┼───────
0             │  26706
1             │   5431
2             │   4532
3             │    510
4             │ 189823
└ @ Main c:\Users\kobus\.julia\dev\SAPRINCore\src\main.jl:1097
┌ Info: FloorMaterial breakdown for Agincourt
│   a = 10-element Named Array{Int64,1}
FloorMaterial  │ 
───────────────┼───────
0              │      5
1              │  26752
2              │ 169653
6              │     72
8              │  26679
9              │    300
10             │    136
11             │   2302
12             │    141
13             │    962
└ @ Main c:\Users\kobus\.julia\dev\SAPRINCore\src\main.jl:1099
┌ Info: FloorMaterial breakdown for Agincourt after recode
└ @ Main c:\Users\kobus\.julia\dev\SAPRINCore\src\main.jl:1102
┌ Info: Bedrooms breakdown for Agincourt
│   a = 34-element Named Array{Int64,1}
Bedrooms  │ 
──────────┼──────
-2        │     1
0         │   796
1         │ 39363
2         │ 66902
3         │ 54298
4         │ 30237
5         │  6852
6         │  1652
7         │   325
8         │   111
9         │    33
10        │    12
11        │     2
12        │     3
13        │     1
14        │     2
20        │     1
21        │     7
22        │     7
23        │     3
25        │     4
30        │    15
32        │     1
33        │     2
36        │     4
44        │     2
54        │     1
56        │     1
58        │     1
93        │     1
201       │     1
202       │     2
2014      │     1
missing   │ 26358
└ @ Main c:\Users\kobus\.julia\dev\SAPRINCore\src\main.jl:1104
┌ Info: Bedrooms breakdown for Agincourt after recode
└ @ Main c:\Users\kobus\.julia\dev\SAPRINCore\src\main.jl:1106
┌ Info: ConnectedToGrid breakdown for Agincourt
│   a = 3-element Named Array{Int64,1}
ConnectedToGrid  │ 
─────────────────┼───────
false            │  12616
true             │ 187606
missing          │  26780
└ @ Main c:\Users\kobus\.julia\dev\SAPRINCore\src\main.jl:1108
┌ Info: ConnectedToGrid for Agincourt after recode
└ @ Main c:\Users\kobus\.julia\dev\SAPRINCore\src\main.jl:1111
┌ Info: Read 11634 DIMAMO HSE observations from database
└ @ Main c:\Users\kobus\.julia\dev\SAPRINCore\src\main.jl:1071
┌ Info: Read 11634 DIMAMO HSE observations after household map
└ @ Main c:\Users\kobus\.julia\dev\SAPRINCore\src\main.jl:1074
┌ Info: Watersource breakdown for DIMAMO
│   a = 10-element Named Array{Int64,1}
WaterSource  │ 
─────────────┼─────
0            │  333
1            │ 5619
2            │ 4867
3            │  171
4            │   42
6            │  152
7            │   21
8            │  233
10           │  187
11           │    9
└ @ Main c:\Users\kobus\.julia\dev\SAPRINCore\src\main.jl:1079
┌ Info: Watersource breakdown for DIMAMO after recode
│   a = 5-element Named Array{Int64,1}
WaterSource  │ 
─────────────┼─────
0            │  333
1            │  457
2            │  358
3            │ 4867
4            │ 5619
└ @ Main c:\Users\kobus\.julia\dev\SAPRINCore\src\main.jl:1082
┌ Info: Toilet breakdown for DIMAMO
│   a = 6-element Named Array{Int64,1}
Toilet  │ 
────────┼─────
0       │  374
1       │  357
2       │ 7851
3       │ 2950
4       │   86
5       │   16
└ @ Main c:\Users\kobus\.julia\dev\SAPRINCore\src\main.jl:1084
┌ Info: Toilet breakdown for DIMAMO after recode
│   a = 4-element Named Array{Int64,1}
Toilet  │ 
────────┼─────
0       │  374
1       │ 3036
2       │ 7867
3       │  357
└ @ Main c:\Users\kobus\.julia\dev\SAPRINCore\src\main.jl:1087
┌ Info: CookingFuel breakdown for DIMAMO
│   a = 6-element Named Array{Int64,1}
CookingFuel  │ 
─────────────┼─────
0            │  396
1            │ 1082
2            │   77
3            │   20
4            │ 9525
5            │  534
└ @ Main c:\Users\kobus\.julia\dev\SAPRINCore\src\main.jl:1089
┌ Info: CookingFuel breakdown for DIMAMO after recode
│   a = 6-element Named Array{Int64,1}
CookingFuel  │ 
─────────────┼─────
0            │  396
1            │ 1082
2            │   20
3            │  534
4            │   77
5            │ 9525
└ @ Main c:\Users\kobus\.julia\dev\SAPRINCore\src\main.jl:1092
┌ Info: WallMaterial breakdown for DIMAMO
└ @ Main c:\Users\kobus\.julia\dev\SAPRINCore\src\main.jl:1094
┌ Info: WallMaterial breakdown for DIMAMO after recode
│   a = 5-element Named Array{Int64,1}
WallMaterial  │ 
──────────────┼──────
0             │   309
1             │   173
2             │    76
3             │   343
4             │ 10733
└ @ Main c:\Users\kobus\.julia\dev\SAPRINCore\src\main.jl:1097
┌ Info: FloorMaterial breakdown for DIMAMO
│   a = 9-element Named Array{Int64,1}
FloorMaterial  │ 
───────────────┼─────
0              │  284
2              │ 8658
3              │  346
6              │    3
8              │ 2175
9              │   27
11             │  101
12             │   26
13             │   14
└ @ Main c:\Users\kobus\.julia\dev\SAPRINCore\src\main.jl:1099
┌ Info: FloorMaterial breakdown for DIMAMO after recode
└ @ Main c:\Users\kobus\.julia\dev\SAPRINCore\src\main.jl:1102
┌ Info: Bedrooms breakdown for DIMAMO
│   a = 27-element Named Array{Int64,1}
Bedrooms  │ 
──────────┼─────
0         │    2
1         │  567
2         │ 1533
3         │ 2320
4         │ 2376
5         │ 1350
6         │ 1074
7         │  777
8         │  572
9         │  337
10        │  207
11        │   91
12        │   78
13        │   40
14        │   19
15        │   19
16        │    8
17        │    2
18        │    3
19        │    2
20        │    2
25        │    1
33        │    1
36        │    1
81        │    1
91        │    1
missing   │  250
└ @ Main c:\Users\kobus\.julia\dev\SAPRINCore\src\main.jl:1104
┌ Info: Bedrooms breakdown for DIMAMO after recode
└ @ Main c:\Users\kobus\.julia\dev\SAPRINCore\src\main.jl:1106
┌ Info: ConnectedToGrid breakdown for DIMAMO
│   a = 3-element Named Array{Int64,1}
ConnectedToGrid  │ 
─────────────────┼──────
false            │   677
true             │ 10551
missing          │   406
└ @ Main c:\Users\kobus\.julia\dev\SAPRINCore\src\main.jl:1108
┌ Info: ConnectedToGrid for DIMAMO after recode
└ @ Main c:\Users\kobus\.julia\dev\SAPRINCore\src\main.jl:1111
┌ Info: Read 193862 AHRI HSE observations from database
└ @ Main c:\Users\kobus\.julia\dev\SAPRINCore\src\main.jl:1071
┌ Info: Read 193862 AHRI HSE observations after household map
└ @ Main c:\Users\kobus\.julia\dev\SAPRINCore\src\main.jl:1074
┌ Info: Watersource breakdown for AHRI
│   a = 9-element Named Array{Int64,1}
WaterSource  │ 
─────────────┼──────
0            │ 10637
1            │ 32993
2            │ 88871
3            │ 17404
4            │  6096
5            │ 15531
6            │  8226
7            │  1462
8            │ 12642
└ @ Main c:\Users\kobus\.julia\dev\SAPRINCore\src\main.jl:1079
┌ Info: Watersource breakdown for AHRI after recode
│   a = 5-element Named Array{Int64,1}
WaterSource  │ 
─────────────┼──────
0            │ 10637
1            │ 43957
2            │ 17404
3            │ 88871
4            │ 32993
└ @ Main c:\Users\kobus\.julia\dev\SAPRINCore\src\main.jl:1082
┌ Info: Toilet breakdown for AHRI
│   a = 6-element Named Array{Int64,1}
Toilet  │ 
────────┼───────
0       │  34045
1       │  19538
2       │  30945
3       │ 105714
4       │   1215
5       │   2405
└ @ Main c:\Users\kobus\.julia\dev\SAPRINCore\src\main.jl:1084
┌ Info: Toilet breakdown for AHRI after recode
│   a = 4-element Named Array{Int64,1}
Toilet  │ 
────────┼───────
0       │  34045
1       │ 106929
2       │  33350
3       │  19538
└ @ Main c:\Users\kobus\.julia\dev\SAPRINCore\src\main.jl:1087
┌ Info: CookingFuel breakdown for AHRI
│   a = 6-element Named Array{Int64,1}
CookingFuel  │ 
─────────────┼───────
0            │  25051
1            │  41294
2            │   8023
3            │    285
4            │ 116964
5            │   2245
└ @ Main c:\Users\kobus\.julia\dev\SAPRINCore\src\main.jl:1089
┌ Info: CookingFuel breakdown for AHRI after recode
│   a = 6-element Named Array{Int64,1}
CookingFuel  │ 
─────────────┼───────
0            │  25051
1            │  41294
2            │    285
3            │   2245
4            │   8023
5            │ 116964
└ @ Main c:\Users\kobus\.julia\dev\SAPRINCore\src\main.jl:1092
┌ Info: WallMaterial breakdown for AHRI
└ @ Main c:\Users\kobus\.julia\dev\SAPRINCore\src\main.jl:1094
┌ Info: WallMaterial breakdown for AHRI after recode
│   a = 5-element Named Array{Int64,1}
WallMaterial  │ 
──────────────┼───────
0             │ 139857
1             │   2147
2             │    906
3             │   1802
4             │  49150
└ @ Main c:\Users\kobus\.julia\dev\SAPRINCore\src\main.jl:1097
┌ Info: FloorMaterial breakdown for AHRI
│   a = 1-element Named Array{Int64,1}
FloorMaterial  │ 
───────────────┼───────
0              │ 193862
└ @ Main c:\Users\kobus\.julia\dev\SAPRINCore\src\main.jl:1099
┌ Info: FloorMaterial breakdown for AHRI after recode
└ @ Main c:\Users\kobus\.julia\dev\SAPRINCore\src\main.jl:1102
┌ Info: Bedrooms breakdown for AHRI
│   a = 38-element Named Array{Int64,1}
Bedrooms  │ 
──────────┼───────
1         │   4427
2         │  10804
3         │  14409
4         │  10505
5         │   7311
6         │   4031
7         │   1672
8         │   1260
9         │    657
10        │    382
11        │    190
12        │    136
13        │     62
14        │     50
15        │     39
16        │     13
17        │     13
18        │     14
19        │      9
20        │      2
21        │      1
22        │      1
24        │      1
25        │      1
26        │      2
27        │      1
30        │      1
32        │      3
33        │      1
34        │      1
40        │      1
52        │      1
54        │      2
82        │      1
83        │      6
84        │      1
86        │      1
missing   │ 137850
└ @ Main c:\Users\kobus\.julia\dev\SAPRINCore\src\main.jl:1104
┌ Info: Bedrooms breakdown for AHRI after recode
└ @ Main c:\Users\kobus\.julia\dev\SAPRINCore\src\main.jl:1106
┌ Info: ConnectedToGrid breakdown for AHRI
│   a = 2-element Named Array{Int64,1}
ConnectedToGrid  │ 
─────────────────┼───────
false            │  43491
true             │ 150371
└ @ Main c:\Users\kobus\.julia\dev\SAPRINCore\src\main.jl:1108
┌ Info: ConnectedToGrid for AHRI after recode
└ @ Main c:\Users\kobus\.julia\dev\SAPRINCore\src\main.jl:1111
